#
# There is insufficient memory for the Java Runtime Environment to continue.
# Native memory allocation (malloc) failed to allocate 177936 bytes for Chunk::new
# Possible reasons:
#   The system is out of physical RAM or swap space
#   In 32 bit mode, the process size limit was hit
# Possible solutions:
#   Reduce memory load on the system
#   Increase physical memory or swap space
#   Check if swap backing store is full
#   Use 64 bit Java on a 64 bit OS
#   Decrease Java heap size (-Xmx/-Xms)
#   Decrease number of Java threads
#   Decrease Java thread stack sizes (-Xss)
#   Set larger code cache with -XX:ReservedCodeCacheSize=
# This output file may be truncated or incomplete.
#
#  Out of Memory Error (allocation.cpp:328), pid=10220, tid=8268
#
# JRE version: 7.0_25-b17
# Java VM: Java HotSpot(TM) 64-Bit Server VM (23.25-b01 mixed mode windows-amd64 compressed oops)
# Failed to write core dump. Minidumps are not enabled by default on client versions of Windows
#

---------------  T H R E A D  ---------------

Current thread (0x00000000091b0000):  JavaThread "C2 CompilerThread1" daemon [_thread_in_native, id=8268, stack(0x000000000a790000,0x000000000a890000)]

Stack: [0x000000000a790000,0x000000000a890000]
[error occurred during error reporting (printing stack bounds), id 0xc0000005]


[error occurred during error reporting (printing native stack), id 0xc0000005]


Current CompileTask:
C2:   3303  538             com.android.dx.dex.file.DexFile::internIfAppropriate (128 bytes)


---------------  P R O C E S S  ---------------

Java Threads: ( => current thread )
  0x00000000091b0800 JavaThread "Service Thread" daemon [_thread_blocked, id=9552, stack(0x000000000ab10000,0x000000000ac10000)]
=>0x00000000091b0000 JavaThread "C2 CompilerThread1" daemon [_thread_in_native, id=8268, stack(0x000000000a790000,0x000000000a890000)]
  0x00000000091ae000 JavaThread "C2 CompilerThread0" daemon [_thread_in_native, id=8436, stack(0x000000000a8c0000,0x000000000a9c0000)]
  0x00000000091ad000 JavaThread "Attach Listener" daemon [_thread_blocked, id=9532, stack(0x000000000a650000,0x000000000a750000)]
  0x00000000091a5800 JavaThread "Signal Dispatcher" daemon [_thread_blocked, id=7236, stack(0x000000000a470000,0x000000000a570000)]
  0x00000000024a0800 JavaThread "Finalizer" daemon [_thread_blocked, id=8788, stack(0x000000000a310000,0x000000000a410000)]
  0x000000000249f000 JavaThread "Reference Handler" daemon [_thread_blocked, id=8012, stack(0x000000000a0e0000,0x000000000a1e0000)]
  0x00000000023ac800 JavaThread "main" [_thread_in_Java, id=9332, stack(0x00000000026f0000,0x00000000027f0000)]

Other Threads:
  0x00000000090ff800 VMThread [stack: 0x0000000009fb0000,0x000000000a0b0000] [id=7336]
  0x00000000091cf000 WatcherThread [stack: 0x000000000ac30000,0x000000000ad30000] [id=8844]

VM state:not at safepoint (normal execution)

VM Mutex/Monitor currently owned by a thread: None

Heap
 PSYoungGen      total 70144K, used 67944K [0x00000000eaab0000, 0x00000000ef470000, 0x0000000100000000)
  eden space 64768K, 96% used [0x00000000eaab0000,0x00000000ee7ce350,0x00000000ee9f0000)
  from space 5376K, 99% used [0x00000000eef30000,0x00000000ef46bcb8,0x00000000ef470000)
  to   space 5376K, 0% used [0x00000000ee9f0000,0x00000000ee9f0000,0x00000000eef30000)
 ParOldGen       total 86400K, used 4141K [0x00000000c0000000, 0x00000000c5460000, 0x00000000eaab0000)
  object space 86400K, 4% used [0x00000000c0000000,0x00000000c040b7b0,0x00000000c5460000)
 PSPermGen       total 21248K, used 6335K [0x00000000bae00000, 0x00000000bc2c0000, 0x00000000c0000000)
  object space 21248K, 29% used [0x00000000bae00000,0x00000000bb42ffd8,0x00000000bc2c0000)

Card table byte_map: [0x00000000057f0000,0x0000000005a20000] byte_map_base: 0x0000000005219000

Polling page: 0x0000000000430000

Code Cache  [0x00000000027f0000, 0x0000000002a60000, 0x00000000057f0000)
 total_blobs=798 nmethods=561 adapters=188 free_code_cache=46963Kb largest_free_block=48056064

Compilation events (10 events):
Event: 3.222 Thread 0x00000000091b0000 nmethod 532 0x00000000029f4550 code [0x00000000029f46e0, 0x00000000029f4e88]
Event: 3.222 Thread 0x00000000091ae000 nmethod 533 0x00000000029f12d0 code [0x00000000029f1400, 0x00000000029f1458]
Event: 3.224 Thread 0x00000000091b0000  534             java.util.HashMap$HashIterator::hasNext (13 bytes)
Event: 3.224 Thread 0x00000000091b0000 nmethod 534 0x00000000029d96d0 code [0x00000000029d9800, 0x00000000029d9858]
Event: 3.224 Thread 0x00000000091ae000  535             com.android.dx.dex.code.StdCatchBuilder::hasAnyCatches (57 bytes)
Event: 3.226 Thread 0x00000000091ae000 nmethod 535 0x00000000029d8e50 code [0x00000000029d8fc0, 0x00000000029d9238]
Event: 3.226 Thread 0x00000000091ae000  536             java.util.HashMap$HashIterator::<init> (63 bytes)
Event: 3.228 Thread 0x00000000091ae000 nmethod 536 0x00000000029ff790 code [0x00000000029ff8c0, 0x00000000029ffa98]
Event: 3.228 Thread 0x00000000091ae000  537             com.android.dx.dex.file.CodeItem::addContents (174 bytes)
Event: 3.245 Thread 0x00000000091b0000  538             com.android.dx.dex.file.DexFile::internIfAppropriate (128 bytes)

GC Heap History (4 events):
Event: 0.794 GC heap before
{Heap before GC invocations=1 (full 0):
 PSYoungGen      total 37760K, used 32384K [0x00000000eaab0000, 0x00000000ed4d0000, 0x0000000100000000)
  eden space 32384K, 100% used [0x00000000eaab0000,0x00000000eca50000,0x00000000eca50000)
  from space 5376K, 0% used [0x00000000ecf90000,0x00000000ecf90000,0x00000000ed4d0000)
  to   space 5376K, 0% used [0x00000000eca50000,0x00000000eca50000,0x00000000ecf90000)
 ParOldGen       total 86400K, used 0K [0x00000000c0000000, 0x00000000c5460000, 0x00000000eaab0000)
  object space 86400K, 0% used [0x00000000c0000000,0x00000000c0000000,0x00000000c5460000)
 PSPermGen       total 21248K, used 5942K [0x00000000bae00000, 0x00000000bc2c0000, 0x00000000c0000000)
  object space 21248K, 27% used [0x00000000bae00000,0x00000000bb3cdbe0,0x00000000bc2c0000)
Event: 0.811 GC heap after
Heap after GC invocations=1 (full 0):
 PSYoungGen      total 37760K, used 5372K [0x00000000eaab0000, 0x00000000ef470000, 0x0000000100000000)
  eden space 32384K, 0% used [0x00000000eaab0000,0x00000000eaab0000,0x00000000eca50000)
  from space 5376K, 99% used [0x00000000eca50000,0x00000000ecf8f1b8,0x00000000ecf90000)
  to   space 5376K, 0% used [0x00000000eef30000,0x00000000eef30000,0x00000000ef470000)
 ParOldGen       total 86400K, used 388K [0x00000000c0000000, 0x00000000c5460000, 0x00000000eaab0000)
  object space 86400K, 0% used [0x00000000c0000000,0x00000000c0061278,0x00000000c5460000)
 PSPermGen       total 21248K, used 5942K [0x00000000bae00000, 0x00000000bc2c0000, 0x00000000c0000000)
  object space 21248K, 27% used [0x00000000bae00000,0x00000000bb3cdbe0,0x00000000bc2c0000)
}
Event: 1.267 GC heap before
{Heap before GC invocations=2 (full 0):
 PSYoungGen      total 37760K, used 37756K [0x00000000eaab0000, 0x00000000ef470000, 0x0000000100000000)
  eden space 32384K, 100% used [0x00000000eaab0000,0x00000000eca50000,0x00000000eca50000)
  from space 5376K, 99% used [0x00000000eca50000,0x00000000ecf8f1b8,0x00000000ecf90000)
  to   space 5376K, 0% used [0x00000000eef30000,0x00000000eef30000,0x00000000ef470000)
 ParOldGen       total 86400K, used 388K [0x00000000c0000000, 0x00000000c5460000, 0x00000000eaab0000)
  object space 86400K, 0% used [0x00000000c0000000,0x00000000c0061278,0x00000000c5460000)
 PSPermGen       total 21248K, used 6101K [0x00000000bae00000, 0x00000000bc2c0000, 0x00000000c0000000)
  object space 21248K, 28% used [0x00000000bae00000,0x00000000bb3f56f0,0x00000000bc2c0000)
Event: 1.304 GC heap after
Heap after GC invocations=2 (full 0):
 PSYoungGen      total 70144K, used 5359K [0x00000000eaab0000, 0x00000000ef470000, 0x0000000100000000)
  eden space 64768K, 0% used [0x00000000eaab0000,0x00000000eaab0000,0x00000000ee9f0000)
  from space 5376K, 99% used [0x00000000eef30000,0x00000000ef46bcb8,0x00000000ef470000)
  to   space 5376K, 0% used [0x00000000ee9f0000,0x00000000ee9f0000,0x00000000eef30000)
 ParOldGen       total 86400K, used 4141K [0x00000000c0000000, 0x00000000c5460000, 0x00000000eaab0000)
  object space 86400K, 4% used [0x00000000c0000000,0x00000000c040b7b0,0x00000000c5460000)
 PSPermGen       total 21248K, used 6101K [0x00000000bae00000, 0x00000000bc2c0000, 0x00000000c0000000)
  object space 21248K, 28% used [0x00000000bae00000,0x00000000bb3f56f0,0x00000000bc2c0000)
}

Deoptimization events (10 events):
Event: 1.391 Thread 0x00000000023ac800 Uncommon trap -83 fr.pc 0x00000000028bac98
Event: 1.833 Thread 0x000000000aebd800 Uncommon trap -12 fr.pc 0x000000000295e1f4
Event: 2.253 Thread 0x000000000aff4800 Uncommon trap -12 fr.pc 0x00000000029dc1e0
Event: 2.841 Thread 0x000000000aff9800 Uncommon trap -58 fr.pc 0x00000000029298dc
Event: 2.841 Thread 0x000000000aff9800 Uncommon trap -58 fr.pc 0x00000000029298dc
Event: 2.841 Thread 0x000000000aff9800 Uncommon trap -58 fr.pc 0x00000000029298dc
Event: 2.841 Thread 0x000000000aff9800 Uncommon trap -58 fr.pc 0x00000000029298dc
Event: 3.192 Thread 0x00000000023ac800 Uncommon trap -34 fr.pc 0x00000000028a6900
Event: 3.192 Thread 0x00000000023ac800 Uncommon trap -34 fr.pc 0x00000000028a6900
Event: 3.192 Thread 0x00000000023ac800 Uncommon trap -34 fr.pc 0x00000000028a6900

Internal exceptions (10 events):
Event: 1.176 Thread 0x00000000023ac800 Threw 0x00000000eb71fa58 at C:\jdk7u2_64p\jdk7u25\hotspot\src\share\vm\prims\jvm.cpp:1235
Event: 1.178 Thread 0x00000000023ac800 Implicit null exception at 0x00000000028ec6d7 to 0x00000000028ecdb5
Event: 1.224 Thread 0x000000000aff9800 Threw 0x00000000ec179da8 at C:\jdk7u2_64p\jdk7u25\hotspot\src\share\vm\prims\jvm.cpp:1235
Event: 1.380 Thread 0x000000000affa800 Implicit null exception at 0x000000000288282f to 0x0000000002883259
Event: 1.391 Thread 0x00000000023ac800 Threw 0x00000000eb772620 at C:\jdk7u2_64p\jdk7u25\hotspot\src\share\vm\prims\jvm.cpp:1235
Event: 1.398 Thread 0x00000000023ac800 Threw 0x00000000eba45bb0 at C:\jdk7u2_64p\jdk7u25\hotspot\src\share\vm\prims\jvm.cpp:1235
Event: 3.196 Thread 0x00000000023ac800 Threw 0x00000000ee463760 at C:\jdk7u2_64p\jdk7u25\hotspot\src\share\vm\prims\jvm.cpp:1235
Event: 3.233 Thread 0x00000000023ac800 Threw 0x00000000ee593b50 at C:\jdk7u2_64p\jdk7u25\hotspot\src\share\vm\prims\jvm.cpp:1235
Event: 3.258 Thread 0x00000000023ac800 Threw 0x00000000ee648800 at C:\jdk7u2_64p\jdk7u25\hotspot\src\share\vm\prims\jvm.cpp:1235
Event: 3.267 Thread 0x00000000023ac800 Threw 0x00000000ee672410 at C:\jdk7u2_64p\jdk7u25\hotspot\src\share\vm\prims\jvm.cpp:1235

Events (10 events):
Event: 3.196 loading class 0x000000000af0fa40
Event: 3.196 loading class 0x000000000af0fa40 done
Event: 3.233 loading class 0x000000000ade16b0
Event: 3.233 loading class 0x000000000ade16b0 done
Event: 3.258 loading class 0x000000000aff23f0
Event: 3.258 loading class 0x000000000aff23f0 done
Event: 3.266 loading class 0x00000000024a78e0
Event: 3.266 loading class 0x00000000024a78e0 done
Event: 3.267 loading class 0x000000000ade0e70
Event: 3.267 loading class 0x000000000ade0e70 done


Dynamic libraries:
0x000000013fc20000 - 0x000000013fc53000 	D:\ProgramFiles\jdk1.7.0_25\bin\java.exe
0x0000000077be0000 - 0x0000000077d8a000 	C:\Windows\SYSTEM32\ntdll.dll
0x0000000077ac0000 - 0x0000000077bdf000 	C:\Windows\system32\kernel32.dll
0x000007fefdb00000 - 0x000007fefdb6b000 	C:\Windows\system32\KERNELBASE.dll
0x000007fefe2b0000 - 0x000007fefe38b000 	C:\Windows\system32\ADVAPI32.dll
0x000007fefeb20000 - 0x000007fefebbf000 	C:\Windows\system32\msvcrt.dll
0x000007fefde20000 - 0x000007fefde3f000 	C:\Windows\SYSTEM32\sechost.dll
0x000007fefebc0000 - 0x000007fefeced000 	C:\Windows\system32\RPCRT4.dll
0x00000000779c0000 - 0x0000000077aba000 	C:\Windows\system32\USER32.dll
0x000007fefe490000 - 0x000007fefe4f7000 	C:\Windows\system32\GDI32.dll
0x000007feffb50000 - 0x000007feffb5e000 	C:\Windows\system32\LPK.dll
0x000007fefe500000 - 0x000007fefe5c9000 	C:\Windows\system32\USP10.dll
0x000007fefc190000 - 0x000007fefc384000 	C:\Windows\WinSxS\amd64_microsoft.windows.common-controls_6595b64144ccf1df_6.0.7601.17514_none_fa396087175ac9ac\COMCTL32.dll
0x000007fefe020000 - 0x000007fefe091000 	C:\Windows\system32\SHLWAPI.dll
0x000007feffa80000 - 0x000007feffaae000 	C:\Windows\system32\IMM32.DLL
0x000007fefea10000 - 0x000007fefeb19000 	C:\Windows\system32\MSCTF.dll
0x0000000079480000 - 0x0000000079551000 	D:\ProgramFiles\jdk1.7.0_25\jre\bin\msvcr100.dll
0x000000005c6d0000 - 0x000000005cddf000 	D:\ProgramFiles\jdk1.7.0_25\jre\bin\server\jvm.dll
0x000007feeeac0000 - 0x000007feeeac9000 	C:\Windows\system32\WSOCK32.dll
0x000007fefe650000 - 0x000007fefe69d000 	C:\Windows\system32\WS2_32.dll
0x000007feffab0000 - 0x000007feffab8000 	C:\Windows\system32\NSI.dll
0x000007fefda90000 - 0x000007fefdacb000 	C:\Windows\system32\WINMM.dll
0x0000000077db0000 - 0x0000000077db7000 	C:\Windows\system32\PSAPI.DLL
0x000000005d680000 - 0x000000005d68f000 	D:\ProgramFiles\jdk1.7.0_25\jre\bin\verify.dll
0x000000005d650000 - 0x000000005d678000 	D:\ProgramFiles\jdk1.7.0_25\jre\bin\java.dll
0x000000005d630000 - 0x000000005d645000 	D:\ProgramFiles\jdk1.7.0_25\jre\bin\zip.dll
0x000000005d3f0000 - 0x000000005d409000 	D:\ProgramFiles\jdk1.7.0_25\jre\bin\net.dll
0x000007fefced0000 - 0x000007fefcf25000 	C:\Windows\system32\mswsock.dll
0x000007fefcec0000 - 0x000007fefcec7000 	C:\Windows\System32\wship6.dll
0x000000005d5f0000 - 0x000000005d601000 	D:\ProgramFiles\jdk1.7.0_25\jre\bin\nio.dll

VM Arguments:
jvm_args: -Djava.awt.headless=true -Xmx1024M -Dfile.encoding=GBK -Duser.country=CN -Duser.language=zh -Duser.variant 
java_command: com.android.dx.command.Main --dex --num-threads=4 --output D:\StudioProject\MyTest\app\build\intermediates\pre-dexed\debug\internal_impl-23.3.0_a0f31c5b2c6c12cee0801d5ea9ab06eedefecefc.jar D:\StudioProject\MyTest\app\build\intermediates\exploded-aar\com.android.support\support-v4\23.3.0\jars\libs\internal_impl-23.3.0.jar
Launcher Type: SUN_STANDARD

Environment Variables:
JAVA_HOME=D:\ProgramFiles\jdk1.7.0_25
PATH=C:\Program Files (x86)\NVIDIA Corporation\PhysX\Common;C:\Windows\system32;C:\Windows;C:\Windows\System32\Wbem;C:\Windows\System32\WindowsPowerShell\v1.0\;C:\Program Files (x86)\Common Files\microsoft shared\TigerKin;D:\ProgramFiles\jdk1.7.0_25\bin;E:\apache-ant-1.9.7\bin;D:\ProgramFiles\svn\bin;E:\androidsdk\android-sdk\platform-tools;E:\androidsdk\android-sdk\tools;
USERNAME=admin
OS=Windows_NT
PROCESSOR_IDENTIFIER=Intel64 Family 6 Model 60 Stepping 3, GenuineIntel



---------------  S Y S T E M  ---------------

OS: Windows 7 , 64 bit Build 7601 Service Pack 1

CPU:total 4 (4 cores per cpu, 1 threads per core) family 6 model 60 stepping 3, cmov, cx8, fxsr, mmx, sse, sse2, sse3, ssse3, sse4.1, sse4.2, popcnt, avx, avx2, tsc, tscinvbit

Memory: 4k page, physical 8286584k(1995148k free), swap 9333324k(686260k free)

vm_info: Java HotSpot(TM) 64-Bit Server VM (23.25-b01) for windows-amd64 JRE (1.7.0_25-b17), built on Jun 21 2013 12:58:32 by "java_re" with unknown MS VC++:1600

time: Tue Jun 21 18:37:43 2016
elapsed time: 3 seconds

