#
# There is insufficient memory for the Java Runtime Environment to continue.
# Native memory allocation (malloc) failed to allocate 1048576 bytes for AllocateHeap
# Possible reasons:
#   The system is out of physical RAM or swap space
#   In 32 bit mode, the process size limit was hit
# Possible solutions:
#   Reduce memory load on the system
#   Increase physical memory or swap space
#   Check if swap backing store is full
#   Use 64 bit Java on a 64 bit OS
#   Decrease Java heap size (-Xmx/-Xms)
#   Decrease number of Java threads
#   Decrease Java thread stack sizes (-Xss)
#   Set larger code cache with -XX:ReservedCodeCacheSize=
# This output file may be truncated or incomplete.
#
#  Out of Memory Error (memory/allocation.inline.hpp:60), pid=7952, tid=4328
#
# JRE version: 7.0_25-b17
# Java VM: Java HotSpot(TM) 64-Bit Server VM (23.25-b01 mixed mode windows-amd64 compressed oops)
# Failed to write core dump. Minidumps are not enabled by default on client versions of Windows
#

---------------  T H R E A D  ---------------

Current thread (0x000000000256c800):  JavaThread "Unknown thread" [_thread_in_vm, id=4328, stack(0x00000000027f0000,0x00000000028f0000)]

Stack: [0x00000000027f0000,0x00000000028f0000]

---------------  P R O C E S S  ---------------

Java Threads: ( => current thread )

Other Threads:

=>0x000000000256c800 (exited) JavaThread "Unknown thread" [_thread_in_vm, id=4328, stack(0x00000000027f0000,0x00000000028f0000)]

VM state:not at safepoint (normal execution)

VM Mutex/Monitor currently owned by a thread: None

Heap
 PSYoungGen      total 37760K, used 647K [0x00000000eaab0000, 0x00000000ed4d0000, 0x0000000100000000)
  eden space 32384K, 2% used [0x00000000eaab0000,0x00000000eab51f28,0x00000000eca50000)
  from space 5376K, 0% used [0x00000000ecf90000,0x00000000ecf90000,0x00000000ed4d0000)
  to   space 5376K, 0% used [0x00000000eca50000,0x00000000eca50000,0x00000000ecf90000)
 ParOldGen       total 86400K, used 0K [0x00000000c0000000, 0x00000000c5460000, 0x00000000eaab0000)
  object space 86400K, 0% used [0x00000000c0000000,0x00000000c0000000,0x00000000c5460000)
 PSPermGen       total 21248K, used 709K [0x00000000bae00000, 0x00000000bc2c0000, 0x00000000c0000000)
  object space 21248K, 3% used [0x00000000bae00000,0x00000000baeb1418,0x00000000bc2c0000)

Card table byte_map: [0x00000000058f0000,0x0000000005b20000] byte_map_base: 0x0000000005319000

Polling page: 0x0000000000140000

Code Cache  [0x00000000028f0000, 0x0000000002b60000, 0x00000000058f0000)
 total_blobs=39 nmethods=0 adapters=20 free_code_cache=48889Kb largest_free_block=50062848

Compilation events (0 events):
No events

GC Heap History (0 events):
No events

Deoptimization events (0 events):
No events

Internal exceptions (0 events):
No events

Events (10 events):
Event: 0.021 loading class 0x0000000002480cb0
Event: 0.021 loading class 0x0000000002480cb0 done
Event: 0.021 loading class 0x0000000002480d10
Event: 0.021 loading class 0x0000000002480d10 done
Event: 0.021 loading class 0x0000000002480d40
Event: 0.021 loading class 0x0000000002480d40 done
Event: 0.022 loading class 0x0000000002441c80
Event: 0.022 loading class 0x0000000002441c80 done
Event: 0.022 loading class 0x0000000002441840
Event: 0.022 loading class 0x0000000002441840 done


Dynamic libraries:
0x000000013fc20000 - 0x000000013fc53000 	D:\ProgramFiles\jdk1.7.0_25\bin\java.exe
0x0000000077be0000 - 0x0000000077d8a000 	C:\Windows\SYSTEM32\ntdll.dll
0x0000000077ac0000 - 0x0000000077bdf000 	C:\Windows\system32\kernel32.dll
0x000007fefdb00000 - 0x000007fefdb6b000 	C:\Windows\system32\KERNELBASE.dll
0x000007fefe2b0000 - 0x000007fefe38b000 	C:\Windows\system32\ADVAPI32.dll
0x000007fefeb20000 - 0x000007fefebbf000 	C:\Windows\system32\msvcrt.dll
0x000007fefde20000 - 0x000007fefde3f000 	C:\Windows\SYSTEM32\sechost.dll
0x000007fefebc0000 - 0x000007fefeced000 	C:\Windows\system32\RPCRT4.dll
0x00000000779c0000 - 0x0000000077aba000 	C:\Windows\system32\USER32.dll
0x000007fefe490000 - 0x000007fefe4f7000 	C:\Windows\system32\GDI32.dll
0x000007feffb50000 - 0x000007feffb5e000 	C:\Windows\system32\LPK.dll
0x000007fefe500000 - 0x000007fefe5c9000 	C:\Windows\system32\USP10.dll
0x000007fefc190000 - 0x000007fefc384000 	C:\Windows\WinSxS\amd64_microsoft.windows.common-controls_6595b64144ccf1df_6.0.7601.17514_none_fa396087175ac9ac\COMCTL32.dll
0x000007fefe020000 - 0x000007fefe091000 	C:\Windows\system32\SHLWAPI.dll
0x000007feffa80000 - 0x000007feffaae000 	C:\Windows\system32\IMM32.DLL
0x000007fefea10000 - 0x000007fefeb19000 	C:\Windows\system32\MSCTF.dll
0x0000000079480000 - 0x0000000079551000 	D:\ProgramFiles\jdk1.7.0_25\jre\bin\msvcr100.dll
0x000000005c6d0000 - 0x000000005cddf000 	D:\ProgramFiles\jdk1.7.0_25\jre\bin\server\jvm.dll
0x000007feeeac0000 - 0x000007feeeac9000 	C:\Windows\system32\WSOCK32.dll
0x000007fefe650000 - 0x000007fefe69d000 	C:\Windows\system32\WS2_32.dll
0x000007feffab0000 - 0x000007feffab8000 	C:\Windows\system32\NSI.dll
0x000007fefda90000 - 0x000007fefdacb000 	C:\Windows\system32\WINMM.dll
0x0000000077db0000 - 0x0000000077db7000 	C:\Windows\system32\PSAPI.DLL
0x000000005d680000 - 0x000000005d68f000 	D:\ProgramFiles\jdk1.7.0_25\jre\bin\verify.dll
0x000000005d650000 - 0x000000005d678000 	D:\ProgramFiles\jdk1.7.0_25\jre\bin\java.dll
0x000000005d630000 - 0x000000005d645000 	D:\ProgramFiles\jdk1.7.0_25\jre\bin\zip.dll

VM Arguments:
jvm_args: -Djava.awt.headless=true -Xmx1024M -Dfile.encoding=GBK -Duser.country=CN -Duser.language=zh -Duser.variant 
java_command: com.android.dx.command.Main --dex --num-threads=4 --output D:\StudioProject\MyTest\app\build\intermediates\pre-dexed\debug\support-annotations-23.3.0_3066c9cf8d18b35439e768b0b4524b9f96af9152.jar E:\androidsdk\android-sdk\extras\android\m2repository\com\android\support\support-annotations\23.3.0\support-annotations-23.3.0.jar
Launcher Type: SUN_STANDARD

Environment Variables:
JAVA_HOME=D:\ProgramFiles\jdk1.7.0_25
PATH=C:\Program Files (x86)\NVIDIA Corporation\PhysX\Common;C:\Windows\system32;C:\Windows;C:\Windows\System32\Wbem;C:\Windows\System32\WindowsPowerShell\v1.0\;C:\Program Files (x86)\Common Files\microsoft shared\TigerKin;D:\ProgramFiles\jdk1.7.0_25\bin;E:\apache-ant-1.9.7\bin;D:\ProgramFiles\svn\bin;E:\androidsdk\android-sdk\platform-tools;E:\androidsdk\android-sdk\tools;
USERNAME=admin
OS=Windows_NT
PROCESSOR_IDENTIFIER=Intel64 Family 6 Model 60 Stepping 3, GenuineIntel



---------------  S Y S T E M  ---------------

OS: Windows 7 , 64 bit Build 7601 Service Pack 1

CPU:total 4 (4 cores per cpu, 1 threads per core) family 6 model 60 stepping 3, cmov, cx8, fxsr, mmx, sse, sse2, sse3, ssse3, sse4.1, sse4.2, popcnt, avx, avx2, tsc, tscinvbit

Memory: 4k page, physical 8286584k(1899636k free), swap 9333324k(448004k free)

vm_info: Java HotSpot(TM) 64-Bit Server VM (23.25-b01) for windows-amd64 JRE (1.7.0_25-b17), built on Jun 21 2013 12:58:32 by "java_re" with unknown MS VC++:1600

time: Tue Jun 21 18:32:10 2016
elapsed time: 0 seconds

