#
# There is insufficient memory for the Java Runtime Environment to continue.
# Native memory allocation (malloc) failed to allocate 176816 bytes for Chunk::new
# Possible reasons:
#   The system is out of physical RAM or swap space
#   In 32 bit mode, the process size limit was hit
# Possible solutions:
#   Reduce memory load on the system
#   Increase physical memory or swap space
#   Check if swap backing store is full
#   Use 64 bit Java on a 64 bit OS
#   Decrease Java heap size (-Xmx/-Xms)
#   Decrease number of Java threads
#   Decrease Java thread stack sizes (-Xss)
#   Set larger code cache with -XX:ReservedCodeCacheSize=
# This output file may be truncated or incomplete.
#
#  Out of Memory Error (allocation.cpp:328), pid=9472, tid=6548
#
# JRE version: 7.0_25-b17
# Java VM: Java HotSpot(TM) 64-Bit Server VM (23.25-b01 mixed mode windows-amd64 compressed oops)
# Failed to write core dump. Minidumps are not enabled by default on client versions of Windows
#

---------------  T H R E A D  ---------------

Current thread (0x0000000008ec1800):  JavaThread "C2 CompilerThread1" daemon [_thread_in_native, id=6548, stack(0x000000000a7d0000,0x000000000a8d0000)]

Stack: [0x000000000a7d0000,0x000000000a8d0000]

Current CompileTask:
C2:    769   94             sun.security.provider.SHA::implCompress (491 bytes)


---------------  P R O C E S S  ---------------

Java Threads: ( => current thread )
  0x0000000008ec2000 JavaThread "Service Thread" daemon [_thread_blocked, id=8428, stack(0x000000000a6a0000,0x000000000a7a0000)]
=>0x0000000008ec1800 JavaThread "C2 CompilerThread1" daemon [_thread_in_native, id=6548, stack(0x000000000a7d0000,0x000000000a8d0000)]
  0x0000000008ebf800 JavaThread "C2 CompilerThread0" daemon [_thread_blocked, id=4348, stack(0x000000000a400000,0x000000000a500000)]
  0x0000000008ebe800 JavaThread "Attach Listener" daemon [_thread_blocked, id=2368, stack(0x000000000a530000,0x000000000a630000)]
  0x0000000008eb7000 JavaThread "Signal Dispatcher" daemon [_thread_blocked, id=7928, stack(0x0000000009de0000,0x0000000009ee0000)]
  0x00000000024f0800 JavaThread "Finalizer" daemon [_thread_blocked, id=4400, stack(0x000000000a2a0000,0x000000000a3a0000)]
  0x00000000024ef000 JavaThread "Reference Handler" daemon [_thread_blocked, id=8180, stack(0x000000000a130000,0x000000000a230000)]
  0x00000000003ec800 JavaThread "main" [_thread_in_Java, id=7824, stack(0x0000000002580000,0x0000000002680000)]

Other Threads:
  0x0000000008e0f800 VMThread [stack: 0x0000000009f50000,0x000000000a050000] [id=7232]
  0x0000000008ec5000 WatcherThread [stack: 0x000000000a8e0000,0x000000000a9e0000] [id=8820]

VM state:not at safepoint (normal execution)

VM Mutex/Monitor currently owned by a thread: None

Heap
 PSYoungGen      total 37760K, used 15212K [0x00000000eaab0000, 0x00000000ed4d0000, 0x0000000100000000)
  eden space 32384K, 46% used [0x00000000eaab0000,0x00000000eb98b360,0x00000000eca50000)
  from space 5376K, 0% used [0x00000000ecf90000,0x00000000ecf90000,0x00000000ed4d0000)
  to   space 5376K, 0% used [0x00000000eca50000,0x00000000eca50000,0x00000000ecf90000)
 ParOldGen       total 86400K, used 0K [0x00000000c0000000, 0x00000000c5460000, 0x00000000eaab0000)
  object space 86400K, 0% used [0x00000000c0000000,0x00000000c0000000,0x00000000c5460000)
 PSPermGen       total 21248K, used 5715K [0x00000000bae00000, 0x00000000bc2c0000, 0x00000000c0000000)
  object space 21248K, 26% used [0x00000000bae00000,0x00000000bb394e58,0x00000000bc2c0000)

Card table byte_map: [0x0000000005740000,0x0000000005970000] byte_map_base: 0x0000000005169000

Polling page: 0x0000000000140000

Code Cache  [0x0000000002680000, 0x00000000028f0000, 0x0000000005680000)
 total_blobs=313 nmethods=94 adapters=170 free_code_cache=48643Kb largest_free_block=49784320

Compilation events (10 events):
Event: 0.721 Thread 0x0000000008ebf800 nmethod 89 0x00000000026fcf10 code [0x00000000026fd040, 0x00000000026fd098]
Event: 0.721 Thread 0x0000000008ebf800   90             com.android.dx.dex.file.IndexedItem::getIndex (22 bytes)
Event: 0.721 Thread 0x0000000008ebf800 nmethod 90 0x00000000026fcc50 code [0x00000000026fcd80, 0x00000000026fcdd8]
Event: 0.721 Thread 0x0000000008ebf800   91             com.android.dx.dex.file.DexFile::getTypeIds (5 bytes)
Event: 0.721 Thread 0x0000000008ebf800 nmethod 91 0x0000000002702210 code [0x0000000002702340, 0x0000000002702398]
Event: 0.721 Thread 0x0000000008ebf800   92             com.android.dx.dex.file.Section::throwIfNotPrepared (18 bytes)
Event: 0.721 Thread 0x0000000008ebf800 nmethod 92 0x0000000002700890 code [0x00000000027009c0, 0x0000000002700a18]
Event: 0.762 Thread 0x0000000008ebf800   93             java.util.Properties$LineReader::readLine (452 bytes)
Event: 0.767 Thread 0x0000000008ec1800   94             sun.security.provider.SHA::implCompress (491 bytes)
Event: 0.768 Thread 0x0000000008ebf800 nmethod 93 0x0000000002702c10 code [0x0000000002702da0, 0x0000000002703518]

GC Heap History (0 events):
No events

Deoptimization events (0 events):
No events

Internal exceptions (10 events):
Event: 0.685 Thread 0x00000000003ec800 Threw 0x00000000eb8b7280 at C:\jdk7u2_64p\jdk7u25\hotspot\src\share\vm\prims\jvm.cpp:1235
Event: 0.689 Thread 0x00000000003ec800 Threw 0x00000000eb8c7e48 at C:\jdk7u2_64p\jdk7u25\hotspot\src\share\vm\prims\jvm.cpp:1235
Event: 0.690 Thread 0x00000000003ec800 Threw 0x00000000eb8d35b0 at C:\jdk7u2_64p\jdk7u25\hotspot\src\share\vm\prims\jvm.cpp:1235
Event: 0.691 Thread 0x00000000003ec800 Threw 0x00000000eb8dc5f0 at C:\jdk7u2_64p\jdk7u25\hotspot\src\share\vm\prims\jvm.cpp:1235
Event: 0.692 Thread 0x00000000003ec800 Threw 0x00000000eb8df158 at C:\jdk7u2_64p\jdk7u25\hotspot\src\share\vm\prims\jvm.cpp:1235
Event: 0.693 Thread 0x00000000003ec800 Threw 0x00000000eb8ee390 at C:\jdk7u2_64p\jdk7u25\hotspot\src\share\vm\prims\jvm.cpp:1235
Event: 0.699 Thread 0x00000000003ec800 Threw 0x00000000eb909418 at C:\jdk7u2_64p\jdk7u25\hotspot\src\share\vm\prims\jvm.cpp:1235
Event: 0.700 Thread 0x00000000003ec800 Threw 0x00000000eb90e8a8 at C:\jdk7u2_64p\jdk7u25\hotspot\src\share\vm\prims\jvm.cpp:1235
Event: 0.703 Thread 0x00000000003ec800 Threw 0x00000000eb929630 at C:\jdk7u2_64p\jdk7u25\hotspot\src\share\vm\prims\jvm.cpp:1235
Event: 0.723 Thread 0x00000000003ec800 Threw 0x00000000eb92c9a8 at C:\jdk7u2_64p\jdk7u25\hotspot\src\share\vm\prims\jvm.cpp:1235

Events (10 events):
Event: 0.766 loading class 0x000000000abc5f40
Event: 0.766 loading class 0x000000000abd3440
Event: 0.766 loading class 0x000000000abd3440 done
Event: 0.766 loading class 0x000000000abc5f40 done
Event: 0.766 loading class 0x000000000abd1700
Event: 0.766 loading class 0x000000000abd1700 done
Event: 0.766 loading class 0x000000000abd1380
Event: 0.766 loading class 0x000000000abd1380 done
Event: 0.766 loading class 0x000000000abd3400
Event: 0.766 loading class 0x000000000abd3400 done


Dynamic libraries:
0x000000013fc20000 - 0x000000013fc53000 	D:\ProgramFiles\jdk1.7.0_25\bin\java.exe
0x0000000077be0000 - 0x0000000077d8a000 	C:\Windows\SYSTEM32\ntdll.dll
0x0000000077ac0000 - 0x0000000077bdf000 	C:\Windows\system32\kernel32.dll
0x000007fefdb00000 - 0x000007fefdb6b000 	C:\Windows\system32\KERNELBASE.dll
0x000007fefe2b0000 - 0x000007fefe38b000 	C:\Windows\system32\ADVAPI32.dll
0x000007fefeb20000 - 0x000007fefebbf000 	C:\Windows\system32\msvcrt.dll
0x000007fefde20000 - 0x000007fefde3f000 	C:\Windows\SYSTEM32\sechost.dll
0x000007fefebc0000 - 0x000007fefeced000 	C:\Windows\system32\RPCRT4.dll
0x00000000779c0000 - 0x0000000077aba000 	C:\Windows\system32\USER32.dll
0x000007fefe490000 - 0x000007fefe4f7000 	C:\Windows\system32\GDI32.dll
0x000007feffb50000 - 0x000007feffb5e000 	C:\Windows\system32\LPK.dll
0x000007fefe500000 - 0x000007fefe5c9000 	C:\Windows\system32\USP10.dll
0x000007fefc190000 - 0x000007fefc384000 	C:\Windows\WinSxS\amd64_microsoft.windows.common-controls_6595b64144ccf1df_6.0.7601.17514_none_fa396087175ac9ac\COMCTL32.dll
0x000007fefe020000 - 0x000007fefe091000 	C:\Windows\system32\SHLWAPI.dll
0x000007feffa80000 - 0x000007feffaae000 	C:\Windows\system32\IMM32.DLL
0x000007fefea10000 - 0x000007fefeb19000 	C:\Windows\system32\MSCTF.dll
0x0000000079480000 - 0x0000000079551000 	D:\ProgramFiles\jdk1.7.0_25\jre\bin\msvcr100.dll
0x000000005c6d0000 - 0x000000005cddf000 	D:\ProgramFiles\jdk1.7.0_25\jre\bin\server\jvm.dll
0x000007feeeac0000 - 0x000007feeeac9000 	C:\Windows\system32\WSOCK32.dll
0x000007fefe650000 - 0x000007fefe69d000 	C:\Windows\system32\WS2_32.dll
0x000007feffab0000 - 0x000007feffab8000 	C:\Windows\system32\NSI.dll
0x000007fefda90000 - 0x000007fefdacb000 	C:\Windows\system32\WINMM.dll
0x0000000077db0000 - 0x0000000077db7000 	C:\Windows\system32\PSAPI.DLL
0x000000005d680000 - 0x000000005d68f000 	D:\ProgramFiles\jdk1.7.0_25\jre\bin\verify.dll
0x000000005d650000 - 0x000000005d678000 	D:\ProgramFiles\jdk1.7.0_25\jre\bin\java.dll
0x000000005d630000 - 0x000000005d645000 	D:\ProgramFiles\jdk1.7.0_25\jre\bin\zip.dll

VM Arguments:
jvm_args: -Djava.awt.headless=true -Xmx1024M -Dfile.encoding=GBK -Duser.country=CN -Duser.language=zh -Duser.variant 
java_command: com.android.dx.command.Main --dex --num-threads=4 --output D:\StudioProject\MyTest\app\build\intermediates\pre-dexed\debug\debug_b092b7795e3a82211b85fd77717b989cc000504f.jar D:\StudioProject\MyTest\app\build\intermediates\classes\debug
Launcher Type: SUN_STANDARD

Environment Variables:
JAVA_HOME=D:\ProgramFiles\jdk1.7.0_25
PATH=C:\Program Files (x86)\NVIDIA Corporation\PhysX\Common;C:\Windows\system32;C:\Windows;C:\Windows\System32\Wbem;C:\Windows\System32\WindowsPowerShell\v1.0\;C:\Program Files (x86)\Common Files\microsoft shared\TigerKin;D:\ProgramFiles\jdk1.7.0_25\bin;E:\apache-ant-1.9.7\bin;D:\ProgramFiles\svn\bin;E:\androidsdk\android-sdk\platform-tools;E:\androidsdk\android-sdk\tools;
USERNAME=admin
OS=Windows_NT
PROCESSOR_IDENTIFIER=Intel64 Family 6 Model 60 Stepping 3, GenuineIntel



---------------  S Y S T E M  ---------------

OS: Windows 7 , 64 bit Build 7601 Service Pack 1

CPU:total 4 (4 cores per cpu, 1 threads per core) family 6 model 60 stepping 3, cmov, cx8, fxsr, mmx, sse, sse2, sse3, ssse3, sse4.1, sse4.2, popcnt, avx, avx2, tsc, tscinvbit

Memory: 4k page, physical 8286584k(1825980k free), swap 9333324k(5264k free)

vm_info: Java HotSpot(TM) 64-Bit Server VM (23.25-b01) for windows-amd64 JRE (1.7.0_25-b17), built on Jun 21 2013 12:58:32 by "java_re" with unknown MS VC++:1600

time: Tue Jun 21 18:37:43 2016
elapsed time: 0 seconds

